2024-05-28T06:17:39.557Z [INFO] SMPP server is listening on port 2775
2024-05-29T02:16:46.739Z [INFO] SMPP server is listening on port 2775
2024-05-29T02:17:05.848Z [INFO] SMPP client connected
2024-05-29T02:17:05.853Z [INFO] Received bind_transceiver
2024-05-29T02:17:05.854Z [INFO] Client authenticated successfully
2024-05-29T02:17:05.859Z [INFO] Received submit_sm: From 1234 To 5678 Message Message 1
2024-05-29T02:17:06.867Z [INFO] Received submit_sm: From 1234 To 5678 Message Message 2
2024-05-29T02:17:07.874Z [INFO] Received submit_sm: From 1234 To 5678 Message Message 3
2024-05-29T02:17:08.882Z [INFO] Received submit_sm: From 1234 To 5678 Message Message 4
2024-05-29T02:17:09.892Z [INFO] Received submit_sm: From 1234 To 5678 Message Message 5
2024-05-29T02:17:10.900Z [INFO] Received submit_sm: From 1234 To 5678 Message Message 6
2024-05-29T02:17:11.908Z [INFO] Received submit_sm: From 1234 To 5678 Message Message 77
2024-05-29T02:17:12.922Z [INFO] Received submit_sm: From 1234 To 5678 Message Message 8
2024-05-29T02:17:13.932Z [INFO] Received submit_sm: From 1234 To 5678 Message Message 9
2024-05-29T02:17:14.940Z [INFO] Received submit_sm: From 1234 To 5678 Message Message 10
2024-05-29T06:03:44.971Z [INFO] SMPP server is listening on port 2775
2024-05-29T06:03:59.804Z [INFO] SMPP client connected
2024-05-29T06:03:59.809Z [INFO] Received bind_transceiver
2024-05-29T06:03:59.809Z [INFO] Client authenticated successfully
2024-05-29T06:03:59.816Z [INFO] Received submit_sm: From 1234 To 5678 Message Message 1
2024-05-29T06:04:00.856Z [INFO] Received submit_sm: From 1234 To 5678 Message 䴀攀猀猀愀最攀 ㈀
2024-05-29T06:04:01.861Z [INFO] Received submit_sm: From 1234 To 5678 Message Message 3
2024-05-29T06:04:02.875Z [INFO] Received submit_sm: From 1234 To 5678 Message 䴀攀猀猀愀最攀 㐀
2024-05-29T06:04:03.890Z [INFO] Received submit_sm: From 1234 To 5678 Message Message 5
2024-05-29T06:04:04.903Z [INFO] Received submit_sm: From 1234 To 5678 Message 䴀攀猀猀愀最攀 㘀
2024-05-29T06:04:05.911Z [INFO] Received submit_sm: From 1234 To 5678 Message Message 7
2024-05-29T06:04:06.922Z [INFO] Received submit_sm: From 1234 To 5678 Message 䴀攀猀猀愀最攀 㠀
2024-05-29T06:04:07.932Z [INFO] Received submit_sm: From 1234 To 5678 Message Message 9
2024-05-29T06:04:08.942Z [INFO] Received submit_sm: From 1234 To 5678 Message 䴀攀猀猀愀最攀 ㄀　
2024-05-30T02:02:46.438Z [INFO] SMPP server is listening on port 2775
2024-05-30T02:03:02.566Z [INFO] SMPP client connected
2024-05-30T02:03:02.572Z [INFO] Received bind_transceiver
2024-05-30T02:03:02.572Z [INFO] Client authenticated successfully
2024-05-30T02:03:02.577Z [INFO] Received submit_sm: From 1234 To 5678 Message Message 1
2024-05-30T02:03:03.617Z [INFO] Received submit_sm: From 1234 To 5678 Message 䴀攀猀猀愀最攀 ㈀
2024-05-30T02:03:04.624Z [INFO] Received submit_sm: From 1234 To 5678 Message Message 3
2024-05-30T02:03:05.637Z [INFO] Received submit_sm: From 1234 To 5678 Message 䴀攀猀猀愀最攀 㐀
2024-05-30T02:03:06.644Z [INFO] Received submit_sm: From 1234 To 5678 Message Message 5
2024-05-30T02:03:07.649Z [INFO] Received submit_sm: From 1234 To 5678 Message 䴀攀猀猀愀最攀 㘀
2024-05-30T02:03:08.663Z [INFO] Received submit_sm: From 1234 To 5678 Message Message 7
2024-05-30T02:03:09.676Z [INFO] Received submit_sm: From 1234 To 5678 Message 䴀攀猀猀愀最攀 㠀
2024-05-30T02:03:10.689Z [INFO] Received submit_sm: From 1234 To 5678 Message Message 9
2024-05-30T02:03:11.705Z [INFO] Received submit_sm: From 1234 To 5678 Message 䴀攀猀猀愀最攀 ㄀　
2024-06-06T02:58:48.857Z [INFO] SMPP server is listening on port 2775
2024-06-06T02:59:43.497Z [INFO] SMPP client connected
2024-06-06T02:59:43.502Z [INFO] Received bind_transceiver
2024-06-06T02:59:43.503Z [INFO] Client authenticated successfully
2024-06-06T02:59:43.507Z [INFO] Received submit_sm: From 1234 To 5678 Message Message 1
2024-06-06T02:59:44.542Z [INFO] Received submit_sm: From 1234 To 5678 Message 䴀攀猀猀愀最攀 ㈀
2024-06-06T02:59:45.547Z [INFO] Received submit_sm: From 1234 To 5678 Message Message 3
2024-06-06T02:59:46.559Z [INFO] Received submit_sm: From 1234 To 5678 Message 䴀攀猀猀愀最攀 㐀
2024-06-06T02:59:47.578Z [INFO] Received submit_sm: From 1234 To 5678 Message Message 5
2024-06-06T02:59:48.587Z [INFO] Received submit_sm: From 1234 To 5678 Message 䴀攀猀猀愀最攀 㘀
2024-06-06T02:59:49.603Z [INFO] Received submit_sm: From 1234 To 5678 Message Message 7
2024-06-06T02:59:50.617Z [INFO] Received submit_sm: From 1234 To 5678 Message 䴀攀猀猀愀最攀 㠀
2024-06-06T02:59:51.634Z [INFO] Received submit_sm: From 1234 To 5678 Message Message 9
2024-06-06T02:59:52.645Z [INFO] Received submit_sm: From 1234 To 5678 Message 䴀攀猀猀愀最攀 ㄀　
2024-06-06T03:06:18.826Z [INFO] SMPP server is listening on port 2775
2024-06-06T03:06:22.308Z [INFO] SMPP client connected
2024-06-06T03:06:22.314Z [INFO] Received bind_transceiver
2024-06-06T03:06:22.315Z [INFO] Client authenticated successfully
2024-06-06T03:06:22.321Z [INFO] Received submit_sm: From 1234 To 5678 Message Message 1
2024-06-06T03:06:23.330Z [INFO] Received submit_sm: From 1234 To 5678 Message Message 2
2024-06-06T03:06:24.336Z [INFO] Received submit_sm: From 1234 To 5678 Message Message 3
2024-06-06T03:06:25.351Z [INFO] Received submit_sm: From 1234 To 5678 Message Message 4
2024-06-06T03:06:26.364Z [INFO] Received submit_sm: From 1234 To 5678 Message Message 5
2024-06-06T03:08:32.377Z [ERROR] SMPP session error: Error: read ECONNRESET
2024-06-06T03:08:33.894Z [INFO] SMPP client connected
2024-06-06T03:08:33.898Z [INFO] Received bind_transceiver
2024-06-06T03:08:33.899Z [INFO] Client authenticated successfully
2024-06-06T03:08:33.903Z [INFO] Received submit_sm: From 1234 To 5678 Message Message 1
2024-06-06T03:08:34.915Z [INFO] Received submit_sm: From 1234 To 5678 Message Message 2
2024-06-06T03:08:35.919Z [INFO] Received submit_sm: From 1234 To 5678 Message Message 3
2024-06-06T03:08:36.928Z [INFO] Received submit_sm: From 1234 To 5678 Message Message 4
2024-06-06T03:08:37.938Z [INFO] Received submit_sm: From 1234 To 5678 Message Message 5
2024-06-06T03:11:21.704Z [ERROR] SMPP session error: Error: read ECONNRESET
2024-06-06T04:04:50.081Z [INFO] SMPP server is listening on port 2775
2024-06-06T04:05:00.936Z [INFO] SMPP client connected
2024-06-06T04:05:00.940Z [INFO] Received bind_transceiver
2024-06-06T04:05:00.941Z [INFO] Client authenticated successfully
2024-06-06T04:05:00.947Z [INFO] Received submit_sm: From 1234 To 5678 Message Hello, world!
2024-06-06T04:06:14.206Z [ERROR] SMPP session error: Error: read ECONNRESET
2024-06-06T04:06:15.407Z [INFO] SMPP client connected
2024-06-06T04:06:15.413Z [INFO] Received bind_transceiver
2024-06-06T04:06:15.413Z [INFO] Client authenticated successfully
2024-06-06T04:06:15.419Z [INFO] Received submit_sm: From 1234 To 5678 Message Hello, world!
2024-06-06T04:09:25.359Z [INFO] SMPP server is listening on port 2775
2024-06-06T04:09:34.117Z [INFO] SMPP client connected
2024-06-06T04:09:34.123Z [INFO] Received bind_transceiver
2024-06-06T04:09:34.123Z [INFO] Client authenticated successfully
2024-06-06T04:09:34.128Z [INFO] Received submit_sm: From 1234 To 5678 Message Hello, world!
2024-06-06T04:10:34.055Z [INFO] SMPP server is listening on port 2775
2024-06-06T04:10:39.875Z [INFO] SMPP client connected
2024-06-06T04:10:39.879Z [INFO] Received bind_transceiver
2024-06-06T04:10:39.880Z [INFO] Client authenticated successfully
2024-06-06T04:10:39.887Z [INFO] Received submit_sm: From 1234 To 5678 Message Hello, world!
2024-06-06T04:15:27.208Z [ERROR] SMPP session error: Error: read ECONNRESET
2024-06-06T04:15:28.516Z [INFO] SMPP client connected
2024-06-06T04:15:28.520Z [INFO] Received bind_transceiver
2024-06-06T04:15:28.520Z [INFO] Client authenticated successfully
2024-06-06T04:15:28.530Z [INFO] Received submit_sm: From 1234 To 5678 Message Hello, world!
2024-06-06T04:16:55.357Z [INFO] Received submit_sm: From 1234 To 213 Message weq
2024-06-06T04:22:33.570Z [INFO] Received submit_sm: From 1234 To qwe Message ert
2024-06-06T04:22:48.450Z [INFO] Received submit_sm: From 1234 To aaaa Message xxxx
2024-06-06T04:35:42.644Z [INFO] Received submit_sm: From 1234 To gfhgfhgfh Message tyytuytuty
2024-06-07T01:58:08.295Z [INFO] SMPP server is listening on port 2775
2024-06-07T01:58:13.118Z [INFO] SMPP client connected
2024-06-07T01:58:13.122Z [INFO] Received bind_transceiver
2024-06-07T01:58:13.123Z [INFO] Client authenticated successfully
2024-06-07T01:58:13.128Z [INFO] Received submit_sm: From 1234 To 5678 Message Hello, world!
2024-06-07T01:59:26.403Z [INFO] Received submit_sm: From 1234 To asd Message sad
2024-06-07T02:08:20.368Z [ERROR] SMPP session error: Error: read ECONNRESET
2024-06-07T02:08:21.944Z [INFO] SMPP client connected
2024-06-07T02:08:21.949Z [INFO] Received bind_transceiver
2024-06-07T02:08:21.949Z [INFO] Client authenticated successfully
2024-06-07T02:08:21.955Z [INFO] Received submit_sm: From 1234 To 5678 Message HELLO, WORLD!
2024-06-07T02:08:38.131Z [INFO] Received submit_sm: From 1234 To ewq Message QWE
2024-06-07T02:09:39.565Z [ERROR] SMPP session error: Error: read ECONNRESET
2024-06-07T02:09:41.052Z [INFO] SMPP client connected
2024-06-07T02:09:41.056Z [INFO] Received bind_transceiver
2024-06-07T02:09:41.056Z [INFO] Client authenticated successfully
2024-06-07T02:09:41.060Z [INFO] Received submit_sm: From test To 5678 Message HELLO, WORLD!
2024-06-07T02:24:28.930Z [INFO] SMPP server is listening on port 2775
2024-06-07T02:26:00.842Z [INFO] SMPP server is listening on port 2775
2024-06-07T02:26:04.874Z [INFO] SMPP client connected
2024-06-07T02:26:04.877Z [INFO] Received bind_transceiver
2024-06-07T02:26:04.878Z [INFO] Client authenticated successfully
2024-06-07T02:26:51.291Z [INFO] Received submit_sm: From default_sysid To qwe Message QEW
2024-06-07T02:30:56.790Z [ERROR] SMPP session error: Error: read ECONNRESET
2024-06-07T02:38:34.606Z [INFO] SMPP server is listening on port 2775
2024-06-07T02:38:41.502Z [INFO] SMPP client connected
2024-06-07T02:38:41.506Z [INFO] Received bind_transceiver
2024-06-07T02:38:41.507Z [INFO] Client authenticated successfully
2024-06-10T03:54:58.137Z [INFO] SMPP server is listening on port 2775
