2024-05-28T06:16:41.938Z [INFO] SMPP server is listening on port 2775
2024-05-28T06:16:52.268Z [INFO] SMPP client connected
2024-05-28T06:16:52.268Z [INFO] Connected to SMPP server
2024-05-28T06:16:52.273Z [INFO] Received bind_transceiver
2024-05-28T06:16:52.273Z [INFO] Client authenticated successfully
2024-05-28T06:16:52.277Z [INFO] Successfully bound to the SMPP server
2024-05-28T06:16:52.280Z [INFO] Received submit_sm: From 1234 To 5678 Message Message 1
2024-05-28T06:16:52.281Z [INFO] Message 1 successfully sent
2024-05-28T06:16:53.296Z [INFO] Received submit_sm: From 1234 To 5678 Message Message 2
2024-05-28T06:16:53.298Z [INFO] Message 2 successfully sent
2024-05-28T06:16:54.306Z [INFO] Received submit_sm: From 1234 To 5678 Message Message 3
2024-05-28T06:16:54.309Z [INFO] Message 3 successfully sent
2024-05-28T06:16:55.315Z [INFO] Received submit_sm: From 1234 To 5678 Message Message 4
2024-05-28T06:16:55.317Z [INFO] Message 4 successfully sent
2024-05-28T06:16:56.326Z [INFO] Received submit_sm: From 1234 To 5678 Message Message 5
2024-05-28T06:16:56.331Z [INFO] Message 5 successfully sent
2024-05-28T06:16:57.345Z [INFO] Received submit_sm: From 1234 To 5678 Message Message 6
2024-05-28T06:16:57.348Z [INFO] Message 6 successfully sent
2024-05-28T06:16:58.355Z [INFO] Received submit_sm: From 1234 To 5678 Message Message 77
2024-05-28T06:16:58.356Z [INFO] Message 7 successfully sent
2024-05-28T06:16:59.366Z [INFO] Received submit_sm: From 1234 To 5678 Message Message 8
2024-05-28T06:16:59.368Z [INFO] Message 8 successfully sent
2024-05-28T06:17:00.383Z [INFO] Received submit_sm: From 1234 To 5678 Message Message 9
2024-05-28T06:17:00.384Z [INFO] Message 9 successfully sent
2024-05-28T06:17:01.395Z [INFO] Received submit_sm: From 1234 To 5678 Message Message 10
2024-05-28T06:17:01.397Z [INFO] Message 10 successfully sent
2024-05-28T06:17:38.157Z [ERROR] SMPP session error: Error: read ECONNRESET
2024-05-29T02:17:05.848Z [INFO] Connected to SMPP server
2024-05-29T02:17:05.857Z [INFO] Successfully bound to the SMPP server
2024-05-29T02:17:05.861Z [INFO] Message 1 successfully sent
2024-05-29T02:17:06.868Z [INFO] Message 2 successfully sent
2024-05-29T02:17:07.878Z [INFO] Message 3 successfully sent
2024-05-29T02:17:08.884Z [INFO] Message 4 successfully sent
2024-05-29T02:17:09.896Z [INFO] Message 5 successfully sent
2024-05-29T02:17:10.901Z [INFO] Message 6 successfully sent
2024-05-29T02:17:11.910Z [INFO] Message 7 successfully sent
2024-05-29T02:17:12.926Z [INFO] Message 8 successfully sent
2024-05-29T02:17:13.934Z [INFO] Message 9 successfully sent
2024-05-29T02:17:14.943Z [INFO] Message 10 successfully sent
2024-05-29T02:19:12.932Z [ERROR] SMPP session error: Error: read ECONNRESET
2024-05-29T06:03:59.804Z [INFO] Connected to SMPP server
2024-05-29T06:03:59.812Z [INFO] Successfully bound to the SMPP server
2024-05-29T06:03:59.818Z [INFO] Message 1 successfully sent
2024-05-29T06:04:00.857Z [INFO] Message 2 successfully sent
2024-05-29T06:04:01.862Z [INFO] Message 3 successfully sent
2024-05-29T06:04:02.879Z [INFO] Message 4 successfully sent
2024-05-29T06:04:03.894Z [INFO] Message 5 successfully sent
2024-05-29T06:04:04.907Z [INFO] Message 6 successfully sent
2024-05-29T06:04:05.914Z [INFO] Message 7 successfully sent
2024-05-29T06:04:06.926Z [INFO] Message 8 successfully sent
2024-05-29T06:04:07.934Z [INFO] Message 9 successfully sent
2024-05-29T06:04:08.943Z [INFO] Message 10 successfully sent
2024-05-30T02:03:02.567Z [INFO] Connected to SMPP server
2024-05-30T02:03:02.575Z [INFO] Successfully bound to the SMPP server
2024-05-30T02:03:02.579Z [INFO] Message 1 successfully sent
2024-05-30T02:03:03.618Z [INFO] Message 2 successfully sent
2024-05-30T02:03:04.626Z [INFO] Message 3 successfully sent
2024-05-30T02:03:05.639Z [INFO] Message 4 successfully sent
2024-05-30T02:03:06.646Z [INFO] Message 5 successfully sent
2024-05-30T02:03:07.651Z [INFO] Message 6 successfully sent
2024-05-30T02:03:08.666Z [INFO] Message 7 successfully sent
2024-05-30T02:03:09.678Z [INFO] Message 8 successfully sent
2024-05-30T02:03:10.691Z [INFO] Message 9 successfully sent
2024-05-30T02:03:11.707Z [INFO] Message 10 successfully sent
2024-06-06T02:58:40.844Z [ERROR] SMPP session error: Error: connect ECONNREFUSED ::1:2775
2024-06-06T02:59:43.497Z [INFO] Connected to SMPP server
2024-06-06T02:59:43.506Z [INFO] Successfully bound to the SMPP server
2024-06-06T02:59:43.509Z [INFO] Message 1 successfully sent
2024-06-06T02:59:44.543Z [INFO] Message 2 successfully sent
2024-06-06T02:59:45.548Z [INFO] Message 3 successfully sent
2024-06-06T02:59:46.562Z [INFO] Message 4 successfully sent
2024-06-06T02:59:47.580Z [INFO] Message 5 successfully sent
2024-06-06T02:59:48.589Z [INFO] Message 6 successfully sent
2024-06-06T02:59:49.605Z [INFO] Message 7 successfully sent
2024-06-06T02:59:50.619Z [INFO] Message 8 successfully sent
2024-06-06T02:59:51.636Z [INFO] Message 9 successfully sent
2024-06-06T02:59:52.646Z [INFO] Message 10 successfully sent
2024-06-06T03:06:17.165Z [ERROR] SMPP session error: Error: read ECONNRESET
2024-06-06T03:06:22.308Z [INFO] Connected to SMPP server
2024-06-06T03:06:22.317Z [INFO] Successfully bound to the SMPP server
2024-06-06T03:06:22.323Z [INFO] Message 1 successfully sent
2024-06-06T03:06:23.330Z [INFO] Message 2 successfully sent
2024-06-06T03:06:24.338Z [INFO] Message 3 successfully sent
2024-06-06T03:06:25.352Z [INFO] Message 4 successfully sent
2024-06-06T03:06:26.365Z [INFO] Message 5 successfully sent
2024-06-06T03:08:33.895Z [INFO] Connected to SMPP server
2024-06-06T03:08:33.900Z [INFO] Successfully bound to the SMPP server
2024-06-06T03:08:33.903Z [INFO] Message 1 successfully sent
2024-06-06T03:08:34.916Z [INFO] Message 2 successfully sent
2024-06-06T03:08:35.919Z [INFO] Message 3 successfully sent
2024-06-06T03:08:36.929Z [INFO] Message 4 successfully sent
2024-06-06T03:08:37.940Z [INFO] Message 5 successfully sent
2024-06-06T04:03:10.647Z [ERROR] SMPP session error: Error: connect ECONNREFUSED ::1:2775
2024-06-06T04:04:12.195Z [ERROR] SMPP session error: Error: connect ECONNREFUSED ::1:2775
2024-06-06T04:04:21.167Z [ERROR] SMPP session error: Error: connect ECONNREFUSED ::1:2775
2024-06-06T04:05:00.937Z [INFO] Connected to SMPP server
2024-06-06T04:05:00.944Z [INFO] Successfully bound to the SMPP server
2024-06-06T04:05:00.949Z [INFO] Message successfully sent
2024-06-06T04:06:15.408Z [INFO] Connected to SMPP server
2024-06-06T04:06:15.417Z [INFO] Successfully bound to the SMPP server
2024-06-06T04:06:15.419Z [INFO] Message successfully sent
2024-06-06T04:09:12.698Z [ERROR] SMPP session error: Error: read ECONNRESET
2024-06-06T04:09:34.117Z [INFO] Connected to SMPP server
2024-06-06T04:09:34.126Z [INFO] Successfully bound to the SMPP server
2024-06-06T04:09:34.130Z [INFO] Message successfully sent
2024-06-06T04:10:32.623Z [ERROR] SMPP session error: Error: read ECONNRESET
2024-06-06T04:10:39.874Z [INFO] Connected to SMPP server
2024-06-06T04:10:39.883Z [INFO] Successfully bound to the SMPP server
2024-06-06T04:10:39.886Z [INFO] Message successfully sent
2024-06-06T04:15:28.518Z [INFO] Connected to SMPP server
2024-06-06T04:15:28.528Z [INFO] Successfully bound to the SMPP server
2024-06-06T04:15:28.531Z [INFO] Message successfully sent
2024-06-06T04:16:55.358Z [INFO] Message sent successfully to 213
2024-06-06T04:22:33.570Z [INFO] Message sent successfully to qwe
2024-06-06T04:22:48.452Z [INFO] Message sent successfully to aaaa
2024-06-06T04:35:42.645Z [INFO] Message sent successfully to gfhgfhgfh
2024-06-07T01:57:56.173Z [ERROR] SMPP session error: Error: connect ECONNREFUSED ::1:2775
2024-06-07T01:58:13.117Z [INFO] Connected to SMPP server
2024-06-07T01:58:13.124Z [INFO] Successfully bound to the SMPP server
2024-06-07T01:58:13.128Z [INFO] Message successfully sent
2024-06-07T01:59:26.403Z [INFO] Message sent successfully to asd
2024-06-07T02:08:21.945Z [INFO] Connected to SMPP server
2024-06-07T02:08:21.953Z [INFO] Successfully bound to the SMPP server
2024-06-07T02:08:21.955Z [INFO] Message successfully sent to 5678: HELLO, WORLD! (Status: Sent)
2024-06-07T02:08:38.131Z [INFO] Message successfully sent to ewq: QWE (Status: Sent)
2024-06-07T02:09:41.053Z [INFO] Connected to SMPP server
2024-06-07T02:09:41.058Z [INFO] Successfully bound to the SMPP server
2024-06-07T02:09:41.063Z [INFO] Message successfully sent to 5678: HELLO, WORLD! (Status: Sent)
2024-06-07T02:18:09.310Z [ERROR] SMPP session error: Error: read ECONNRESET
